反馈问题请提供【应用设置】中的【检查服务】中的内容

V1.1.5
【修复】单独启用时间失效导致无声音
【优化】文字介绍
【优化】优化提示音播放逻辑
【优化】优化锁屏提示音延迟问题(快速检测锁屏功能)
【增加】检查服务将会显示APP服务状态已经各项设置，方便找BUG
【增加】快速检测锁屏状态功能，可以实现无延迟锁屏提示音，默认关闭，需自行开启
经过27个版本，软件已趋于稳定，如无明显BUG等，暂不更新

V1.1.4
【修复】解锁提示音非用户操作时不播放提示音(来通知、充电亮屏不提示)
【修复】内置华为手机音频搜索器闪退
【修复】部分用户使用ES作为选择器时闪退
【增加】防断冲模式，设定时间内拔下充电器不播放提示音
【优化】UI部分小调整


V1.1.3
【增加】锁屏以及解锁提示音
【增加】防误触功能(设定时间内忽略播放提示音)
【增加】导入音频可以获取文件名(如果有的话)
【增加】内置音频搜索器(设置中更改再去导入音频，带筛选器)
【增加】每个提示音都可以通过长按单独设置启用时间
【增加】在线音频库和增加筛选功能
【增加】开发者调试功能
【优化】帮助页面内容
【修复】启用时间可以跨天了如：20:00-6:00
【修复】某些设备上导入音频失败的问题
【修复】某些情况下闪退


V1.1.2
【修复】修复程序在后台时导致的的闪退问题
【修复】修复在线音频偶尔请求不到数据

V1.1.1
【修复】VIVO/OPPO 存在的闪退问题
【修复】播放时平衡音量大小以及立体声


V1.1.0
【修复】某些设备上获取不到缓存目录导致的下载闪退
【修复】某些情况下会丢失声音(后台服务被杀死)
【修复】双进程相互守护
【增加】默认显示通知，可以屏幕通知(为了保活)

V1.0.15
【修复】好多8.x机型闪退
【修复】Service 异常重启


V1.0.14
【修复】偶发导入音频闪退
【修复】未安装浏览器造成的闪退
【修复】点击电池优化闪退
【修复】横竖屏切换闪退



V1.0.13
【增加】默认声音通道，首次打开声音通道会自动设置为默认！！！！
【修复】部分用户存在的回音问题
【修复】部分用户无声音问题


V1.0.12
【修复】声音回声


V1.0.11
【修复】崩溃问题
【修复】部分用户打不开、白屏
